<?xml version="1.0" encoding="UTF-8"?>
<!-- Generated by org.testng.reporters.JUnitXMLReporter -->
<testsuite ignored="0" hostname="LAPTOP-K9R4RSIU" failures="0" tests="3" name="Default test" time="0.089" errors="0" timestamp="10 Apr 2021 02:25:33 GMT">
  <testcase classname="com.edu.Testng.UserCreationMaster" name="ModifyUser" time="0.024"/>
  <testcase classname="com.edu.Testng.UserCreationMaster" name="createUser" time="0.006"/>
  <testcase classname="com.edu.Testng.UserCreationMaster" name="DeleteUser" time="0.005"/>
</testsuite> <!-- Default test -->
